WARNING 2025-10-27 16:20:03,073 log 21 138122364974784 Not Found: /
WARNING 2025-10-27 16:20:03,367 log 21 138122364974784 Not Found: /favicon.ico
WARNING 2025-10-27 16:20:20,686 log 21 138122364974784 Not Found: /static/admin/css/base.css
WARNING 2025-10-27 16:20:20,787 log 21 138122364974784 Not Found: /static/admin/js/theme.js
WARNING 2025-10-27 16:20:20,805 log 21 138122333869760 Not Found: /static/admin/css/nav_sidebar.css
WARNING 2025-10-27 16:20:20,841 log 21 138122364974784 Not Found: /static/admin/css/base.css
WARNING 2025-10-27 16:20:20,853 log 21 138122333869760 Not Found: /static/admin/css/login.css
WARNING 2025-10-27 16:20:21,522 log 22 138122335966912 Not Found: /static/admin/css/responsive.css
WARNING 2025-10-27 16:20:21,523 log 22 138122364974784 Not Found: /static/admin/css/dark_mode.css
WARNING 2025-10-27 16:20:21,571 log 22 138122335966912 Not Found: /static/admin/js/nav_sidebar.js
WARNING 2025-10-27 16:20:21,587 log 21 138122333869760 Not Found: /static/admin/css/login.css
WARNING 2025-10-27 16:20:21,590 log 21 138122364974784 Not Found: /static/admin/css/responsive.css
WARNING 2025-10-27 16:20:21,600 log 22 138122364974784 Not Found: /static/admin/css/nav_sidebar.css
WARNING 2025-10-27 16:20:59,824 log 21 138122333869760 Not Found: /static/admin/css/base.css
WARNING 2025-10-27 16:20:59,839 log 22 138122364974784 Not Found: /static/admin/css/login.css
WARNING 2025-10-27 16:20:59,861 log 22 138122335966912 Not Found: /static/admin/css/dark_mode.css
WARNING 2025-10-27 16:20:59,828 log 21 138122364974784 Not Found: /static/admin/js/theme.js
WARNING 2025-10-27 16:20:59,883 log 21 138122333869760 Not Found: /static/admin/css/nav_sidebar.css
WARNING 2025-10-27 16:20:59,901 log 21 138122364974784 Not Found: /static/admin/css/responsive.css
WARNING 2025-10-27 16:20:59,904 log 22 138122364974784 Not Found: /static/admin/js/nav_sidebar.js
WARNING 2025-10-27 16:20:59,925 log 21 138122333869760 Not Found: /static/admin/css/login.css
WARNING 2025-10-27 16:21:04,585 log 22 138122364974784 Not Found: /static/admin/css/base.css
WARNING 2025-10-27 16:21:04,586 log 21 138122364974784 Not Found: /static/admin/css/login.css
WARNING 2025-10-27 16:21:04,614 log 21 138122333869760 Not Found: /static/admin/js/theme.js
WARNING 2025-10-27 16:21:04,622 log 22 138122335966912 Not Found: /static/admin/css/responsive.css
WARNING 2025-10-27 16:21:04,626 log 21 138122364974784 Not Found: /static/admin/css/nav_sidebar.css
WARNING 2025-10-27 16:21:04,635 log 21 138122333869760 Not Found: /static/admin/css/dark_mode.css
WARNING 2025-10-27 16:21:04,651 log 21 138122364974784 Not Found: /static/admin/js/nav_sidebar.js
WARNING 2025-10-27 16:21:04,653 log 22 138122364974784 Not Found: /static/admin/css/responsive.css
WARNING 2025-10-27 16:21:04,657 log 21 138122333869760 Not Found: /static/admin/css/nav_sidebar.css
WARNING 2025-10-27 16:21:04,673 log 21 138122364974784 Not Found: /static/admin/css/login.css
WARNING 2025-10-27 16:21:27,040 log 21 138122364974784 Unauthorized: /api/atividades/
WARNING 2025-10-27 16:21:27,082 log 21 138122333869760 Not Found: /static/rest_framework/css/bootstrap.min.css
WARNING 2025-10-27 16:21:27,094 log 22 138122335966912 Not Found: /static/rest_framework/css/bootstrap-tweaks.css
WARNING 2025-10-27 16:21:27,117 log 21 138122364974784 Not Found: /static/rest_framework/css/prettify.css
WARNING 2025-10-27 16:21:27,121 log 22 138122364974784 Not Found: /static/rest_framework/css/default.css
WARNING 2025-10-27 16:21:27,142 log 21 138122333869760 Not Found: /static/rest_framework/js/csrf.js
WARNING 2025-10-27 16:21:27,154 log 21 138122364974784 Not Found: /static/rest_framework/js/jquery-3.7.1.min.js
WARNING 2025-10-27 16:21:27,165 log 22 138122335966912 Not Found: /static/rest_framework/js/bootstrap.min.js
WARNING 2025-10-27 16:21:27,169 log 22 138122364974784 Not Found: /static/rest_framework/js/ajax-form.js
WARNING 2025-10-27 16:21:27,173 log 21 138122333869760 Not Found: /static/rest_framework/js/prettify-min.js
WARNING 2025-10-27 16:21:27,183 log 21 138122364974784 Not Found: /static/rest_framework/js/default.js
WARNING 2025-10-27 16:21:27,188 log 21 138122333869760 Not Found: /static/rest_framework/js/load-ajax-form.js
WARNING 2025-10-27 16:21:41,157 log 21 138122364974784 Not Found: /api/mapeamento
WARNING 2025-10-27 16:21:47,407 log 21 138122333869760 Not Found: /api/mapeamento/
WARNING 2025-10-27 23:44:10,628 log 21 138102137943744 Not Found: /
WARNING 2025-10-27 23:44:23,809 log 22 138102137943744 Not Found: /favicon.ico
WARNING 2025-10-27 23:45:38,234 log 21 138102137943744 Not Found: /admin_custom/
WARNING 2025-10-27 23:45:56,711 log 21 138102137943744 Not Found: /
WARNING 2025-10-27 23:46:04,323 log 22 138102038685376 Not Found: /static/css/sum-custom.css
WARNING 2025-10-28 11:23:48,322 log 54 131297651807936 Not Found: /static/css/sum-custom.css
WARNING 2025-10-28 11:23:49,661 log 54 131297672427200 Not Found: /static/css/sum-custom.css
WARNING 2025-10-28 11:23:52,693 log 54 131297672427200 Not Found: /favicon.ico
WARNING 2025-10-28 13:32:23,506 log 54 131297672427200 Not Found: /
